0 info it worked if it ends with ok
1 verbose cli [ '/Users/MXD/.meteor/packages/meteor-tool/.1.4.2.zi1w5b++os.osx.x86_64+web.browser+web.cordova/mt-os.osx.x86_64/dev_bundle/bin/node',
1 verbose cli   '/Users/MXD/.meteor/packages/meteor-tool/.1.4.2.zi1w5b++os.osx.x86_64+web.browser+web.cordova/mt-os.osx.x86_64/dev_bundle/bin/npm',
1 verbose cli   'install',
1 verbose cli   '--save',
1 verbose cli   'angular-google-maps' ]
2 info using npm@3.10.9
3 info using node@v4.6.1
4 silly loadCurrentTree Starting
5 silly install loadCurrentTree
6 silly install readLocalPackageData
7 silly fetchPackageMetaData angular-google-maps
8 silly fetchNamedPackageData angular-google-maps
9 silly mapToRegistry name angular-google-maps
10 silly mapToRegistry using default registry
11 silly mapToRegistry registry https://registry.npmjs.org/
12 silly mapToRegistry data Result {
12 silly mapToRegistry   raw: 'angular-google-maps',
12 silly mapToRegistry   scope: null,
12 silly mapToRegistry   escapedName: 'angular-google-maps',
12 silly mapToRegistry   name: 'angular-google-maps',
12 silly mapToRegistry   rawSpec: '',
12 silly mapToRegistry   spec: 'latest',
12 silly mapToRegistry   type: 'tag' }
13 silly mapToRegistry uri https://registry.npmjs.org/angular-google-maps
14 verbose request uri https://registry.npmjs.org/angular-google-maps
15 verbose request no auth needed
16 info attempt registry request try #1 at 3:42:48 PM
17 verbose request id 02b83bb96b99d930
18 verbose etag "987M6K00800DGALGLTSX04GX1"
19 http request GET https://registry.npmjs.org/angular-google-maps
20 http 304 https://registry.npmjs.org/angular-google-maps
21 verbose headers { date: 'Wed, 02 Nov 2016 21:42:49 GMT',
21 verbose headers   via: '1.1 varnish',
21 verbose headers   'cache-control': 'max-age=300',
21 verbose headers   etag: '"987M6K00800DGALGLTSX04GX1"',
21 verbose headers   age: '245',
21 verbose headers   connection: 'keep-alive',
21 verbose headers   'x-served-by': 'cache-ord1735-ORD',
21 verbose headers   'x-cache': 'HIT',
21 verbose headers   'x-cache-hits': '1',
21 verbose headers   'x-timer': 'S1478122969.281567,VS0,VE0',
21 verbose headers   vary: 'Accept-Encoding' }
22 silly get cb [ 304,
22 silly get   { date: 'Wed, 02 Nov 2016 21:42:49 GMT',
22 silly get     via: '1.1 varnish',
22 silly get     'cache-control': 'max-age=300',
22 silly get     etag: '"987M6K00800DGALGLTSX04GX1"',
22 silly get     age: '245',
22 silly get     connection: 'keep-alive',
22 silly get     'x-served-by': 'cache-ord1735-ORD',
22 silly get     'x-cache': 'HIT',
22 silly get     'x-cache-hits': '1',
22 silly get     'x-timer': 'S1478122969.281567,VS0,VE0',
22 silly get     vary: 'Accept-Encoding' } ]
23 verbose etag https://registry.npmjs.org/angular-google-maps from cache
24 verbose get saving angular-google-maps to /Users/MXD/.meteor/packages/meteor-tool/.1.4.2.zi1w5b++os.osx.x86_64+web.browser+web.cordova/mt-os.osx.x86_64/dev_bundle/.npm/registry.npmjs.org/angular-google-maps/.cache.json
25 verbose correctMkdir /Users/MXD/.meteor/packages/meteor-tool/.1.4.2.zi1w5b++os.osx.x86_64+web.browser+web.cordova/mt-os.osx.x86_64/dev_bundle/.npm correctMkdir not in flight; initializing
26 silly install normalizeTree
27 silly loadCurrentTree Finishing
28 silly loadIdealTree Starting
29 silly install loadIdealTree
30 silly cloneCurrentTree Starting
31 silly install cloneCurrentTreeToIdealTree
32 silly cloneCurrentTree Finishing
33 silly loadShrinkwrap Starting
34 silly install loadShrinkwrap
35 silly loadShrinkwrap Finishing
36 silly loadAllDepsIntoIdealTree Starting
37 silly install loadAllDepsIntoIdealTree
38 silly resolveWithNewModule angular-google-maps@2.4.0 checking installable status
39 silly cache add args [ 'angular-google-maps', null ]
40 verbose cache add spec angular-google-maps
41 silly cache add parsed spec Result {
41 silly cache add   raw: 'angular-google-maps',
41 silly cache add   scope: null,
41 silly cache add   escapedName: 'angular-google-maps',
41 silly cache add   name: 'angular-google-maps',
41 silly cache add   rawSpec: '',
41 silly cache add   spec: 'latest',
41 silly cache add   type: 'tag' }
42 silly addNamed angular-google-maps@latest
43 verbose addNamed "latest" is being treated as a dist-tag for angular-google-maps
44 info addNameTag [ 'angular-google-maps', 'latest' ]
45 silly mapToRegistry name angular-google-maps
46 silly mapToRegistry using default registry
47 silly mapToRegistry registry https://registry.npmjs.org/
48 silly mapToRegistry data Result {
48 silly mapToRegistry   raw: 'angular-google-maps',
48 silly mapToRegistry   scope: null,
48 silly mapToRegistry   escapedName: 'angular-google-maps',
48 silly mapToRegistry   name: 'angular-google-maps',
48 silly mapToRegistry   rawSpec: '',
48 silly mapToRegistry   spec: 'latest',
48 silly mapToRegistry   type: 'tag' }
49 silly mapToRegistry uri https://registry.npmjs.org/angular-google-maps
50 verbose addNameTag registry:https://registry.npmjs.org/angular-google-maps not in flight; fetching
51 verbose get https://registry.npmjs.org/angular-google-maps not expired, no request
52 silly addNameTag next cb for angular-google-maps with tag latest
53 silly addNamed angular-google-maps@2.4.0
54 verbose addNamed "2.4.0" is a plain semver version for angular-google-maps
55 silly cache afterAdd angular-google-maps@2.4.0
56 verbose afterAdd /Users/MXD/.meteor/packages/meteor-tool/.1.4.2.zi1w5b++os.osx.x86_64+web.browser+web.cordova/mt-os.osx.x86_64/dev_bundle/.npm/angular-google-maps/2.4.0/package/package.json not in flight; writing
57 verbose correctMkdir /Users/MXD/.meteor/packages/meteor-tool/.1.4.2.zi1w5b++os.osx.x86_64+web.browser+web.cordova/mt-os.osx.x86_64/dev_bundle/.npm correctMkdir not in flight; initializing
58 verbose afterAdd /Users/MXD/.meteor/packages/meteor-tool/.1.4.2.zi1w5b++os.osx.x86_64+web.browser+web.cordova/mt-os.osx.x86_64/dev_bundle/.npm/angular-google-maps/2.4.0/package/package.json written
59 silly fetchNamedPackageData google-maps-utility-library-v3-infobox
60 silly mapToRegistry name google-maps-utility-library-v3-infobox
61 silly mapToRegistry using default registry
62 silly mapToRegistry registry https://registry.npmjs.org/
63 silly mapToRegistry data Result {
63 silly mapToRegistry   raw: 'google-maps-utility-library-v3-infobox',
63 silly mapToRegistry   scope: null,
63 silly mapToRegistry   escapedName: 'google-maps-utility-library-v3-infobox',
63 silly mapToRegistry   name: 'google-maps-utility-library-v3-infobox',
63 silly mapToRegistry   rawSpec: '',
63 silly mapToRegistry   spec: 'latest',
63 silly mapToRegistry   type: 'tag' }
64 silly mapToRegistry uri https://registry.npmjs.org/google-maps-utility-library-v3-infobox
65 silly fetchNamedPackageData google-maps-utility-library-v3-keydragzoom
66 silly mapToRegistry name google-maps-utility-library-v3-keydragzoom
67 silly mapToRegistry using default registry
68 silly mapToRegistry registry https://registry.npmjs.org/
69 silly mapToRegistry data Result {
69 silly mapToRegistry   raw: 'google-maps-utility-library-v3-keydragzoom',
69 silly mapToRegistry   scope: null,
69 silly mapToRegistry   escapedName: 'google-maps-utility-library-v3-keydragzoom',
69 silly mapToRegistry   name: 'google-maps-utility-library-v3-keydragzoom',
69 silly mapToRegistry   rawSpec: '',
69 silly mapToRegistry   spec: 'latest',
69 silly mapToRegistry   type: 'tag' }
70 silly mapToRegistry uri https://registry.npmjs.org/google-maps-utility-library-v3-keydragzoom
71 silly fetchNamedPackageData lodash
72 silly mapToRegistry name lodash
73 silly mapToRegistry using default registry
74 silly mapToRegistry registry https://registry.npmjs.org/
75 silly mapToRegistry data Result {
75 silly mapToRegistry   raw: 'lodash',
75 silly mapToRegistry   scope: null,
75 silly mapToRegistry   escapedName: 'lodash',
75 silly mapToRegistry   name: 'lodash',
75 silly mapToRegistry   rawSpec: '',
75 silly mapToRegistry   spec: 'latest',
75 silly mapToRegistry   type: 'tag' }
76 silly mapToRegistry uri https://registry.npmjs.org/lodash
77 silly fetchNamedPackageData markerclustererplus
78 silly mapToRegistry name markerclustererplus
79 silly mapToRegistry using default registry
80 silly mapToRegistry registry https://registry.npmjs.org/
81 silly mapToRegistry data Result {
81 silly mapToRegistry   raw: 'markerclustererplus',
81 silly mapToRegistry   scope: null,
81 silly mapToRegistry   escapedName: 'markerclustererplus',
81 silly mapToRegistry   name: 'markerclustererplus',
81 silly mapToRegistry   rawSpec: '',
81 silly mapToRegistry   spec: 'latest',
81 silly mapToRegistry   type: 'tag' }
82 silly mapToRegistry uri https://registry.npmjs.org/markerclustererplus
83 silly fetchOtherPackageData google-maps-utility-library-v3-markerwithlabel@git://github.com/nmccready/google-maps-utility-library-v3-markerwithlabel.git
84 silly cache add args [ 'google-maps-utility-library-v3-markerwithlabel@git://github.com/nmccready/google-maps-utility-library-v3-markerwithlabel.git',
84 silly cache add   null ]
85 verbose cache add spec google-maps-utility-library-v3-markerwithlabel@git://github.com/nmccready/google-maps-utility-library-v3-markerwithlabel.git
86 silly fetchOtherPackageData js-rich-marker@git://github.com/MikaFima/js-rich-marker.git#0383f4bbdad4ddf154772fedbdd27e464600e943
87 silly cache add args [ 'js-rich-marker@git://github.com/MikaFima/js-rich-marker.git#0383f4bbdad4ddf154772fedbdd27e464600e943',
87 silly cache add   null ]
88 verbose cache add spec js-rich-marker@git://github.com/MikaFima/js-rich-marker.git#0383f4bbdad4ddf154772fedbdd27e464600e943
89 silly cache add parsed spec Result {
89 silly cache add   raw: 'google-maps-utility-library-v3-markerwithlabel@git://github.com/nmccready/google-maps-utility-library-v3-markerwithlabel.git',
89 silly cache add   scope: null,
89 silly cache add   escapedName: 'google-maps-utility-library-v3-markerwithlabel',
89 silly cache add   name: 'google-maps-utility-library-v3-markerwithlabel',
89 silly cache add   rawSpec: 'git://github.com/nmccready/google-maps-utility-library-v3-markerwithlabel.git',
89 silly cache add   spec: 'git://github.com/nmccready/google-maps-utility-library-v3-markerwithlabel.git',
89 silly cache add   type: 'hosted',
89 silly cache add   hosted:
89 silly cache add    { type: 'github',
89 silly cache add      ssh: 'git@github.com:nmccready/google-maps-utility-library-v3-markerwithlabel.git',
89 silly cache add      sshUrl: 'git+ssh://git@github.com/nmccready/google-maps-utility-library-v3-markerwithlabel.git',
89 silly cache add      httpsUrl: 'git+https://github.com/nmccready/google-maps-utility-library-v3-markerwithlabel.git',
89 silly cache add      gitUrl: 'git://github.com/nmccready/google-maps-utility-library-v3-markerwithlabel.git',
89 silly cache add      shortcut: 'github:nmccready/google-maps-utility-library-v3-markerwithlabel',
89 silly cache add      directUrl: 'https://raw.githubusercontent.com/nmccready/google-maps-utility-library-v3-markerwithlabel/master/package.json' } }
90 verbose addRemoteGit caching git://github.com/nmccready/google-maps-utility-library-v3-markerwithlabel.git
91 verbose addRemoteGit git://github.com/nmccready/google-maps-utility-library-v3-markerwithlabel.git is a repository hosted by github
92 silly tryClone cloning git://github.com/nmccready/google-maps-utility-library-v3-markerwithlabel.git via git://github.com/nmccready/google-maps-utility-library-v3-markerwithlabel.git
93 verbose tryClone git-github-com-nmccready-google-maps-utility-library-v3-markerwithlabel-git-535ad55b not in flight; caching
94 verbose correctMkdir /Users/MXD/.meteor/packages/meteor-tool/.1.4.2.zi1w5b++os.osx.x86_64+web.browser+web.cordova/mt-os.osx.x86_64/dev_bundle/.npm/_git-remotes correctMkdir not in flight; initializing
95 silly cache add parsed spec Result {
95 silly cache add   raw: 'js-rich-marker@git://github.com/MikaFima/js-rich-marker.git#0383f4bbdad4ddf154772fedbdd27e464600e943',
95 silly cache add   scope: null,
95 silly cache add   escapedName: 'js-rich-marker',
95 silly cache add   name: 'js-rich-marker',
95 silly cache add   rawSpec: 'git://github.com/MikaFima/js-rich-marker.git#0383f4bbdad4ddf154772fedbdd27e464600e943',
95 silly cache add   spec: 'git://github.com/MikaFima/js-rich-marker.git#0383f4bbdad4ddf154772fedbdd27e464600e943',
95 silly cache add   type: 'hosted',
95 silly cache add   hosted:
95 silly cache add    { type: 'github',
95 silly cache add      ssh: 'git@github.com:MikaFima/js-rich-marker.git#0383f4bbdad4ddf154772fedbdd27e464600e943',
95 silly cache add      sshUrl: 'git+ssh://git@github.com/MikaFima/js-rich-marker.git#0383f4bbdad4ddf154772fedbdd27e464600e943',
95 silly cache add      httpsUrl: 'git+https://github.com/MikaFima/js-rich-marker.git#0383f4bbdad4ddf154772fedbdd27e464600e943',
95 silly cache add      gitUrl: 'git://github.com/MikaFima/js-rich-marker.git#0383f4bbdad4ddf154772fedbdd27e464600e943',
95 silly cache add      shortcut: 'github:MikaFima/js-rich-marker#0383f4bbdad4ddf154772fedbdd27e464600e943',
95 silly cache add      directUrl: 'https://raw.githubusercontent.com/MikaFima/js-rich-marker/0383f4bbdad4ddf154772fedbdd27e464600e943/package.json' } }
96 verbose addRemoteGit caching git://github.com/MikaFima/js-rich-marker.git#0383f4bbdad4ddf154772fedbdd27e464600e943
97 verbose addRemoteGit git://github.com/MikaFima/js-rich-marker.git#0383f4bbdad4ddf154772fedbdd27e464600e943 is a repository hosted by github
98 silly tryClone cloning git://github.com/MikaFima/js-rich-marker.git#0383f4bbdad4ddf154772fedbdd27e464600e943 via git://github.com/MikaFima/js-rich-marker.git#0383f4bbdad4ddf154772fedbdd27e464600e943
99 verbose tryClone git-github-com-MikaFima-js-rich-marker-git-0383f4bbdad4ddf154772fedbdd27e464600e943-e7abb722 not in flight; caching
100 verbose correctMkdir /Users/MXD/.meteor/packages/meteor-tool/.1.4.2.zi1w5b++os.osx.x86_64+web.browser+web.cordova/mt-os.osx.x86_64/dev_bundle/.npm/_git-remotes correctMkdir already in flight; waiting
101 verbose request uri https://registry.npmjs.org/google-maps-utility-library-v3-keydragzoom
102 verbose request no auth needed
103 info attempt registry request try #1 at 3:42:50 PM
104 verbose etag "71E1IW5FJZN0PN10KWII4UW57"
105 http request GET https://registry.npmjs.org/google-maps-utility-library-v3-keydragzoom
106 info git [ 'config', '--get', 'remote.origin.url' ]
107 info git [ 'clone',
107 info git   '--template=/Users/MXD/.meteor/packages/meteor-tool/.1.4.2.zi1w5b++os.osx.x86_64+web.browser+web.cordova/mt-os.osx.x86_64/dev_bundle/.npm/_git-remotes/_templates',
107 info git   '--mirror',
107 info git   'git://github.com/nmccready/google-maps-utility-library-v3-markerwithlabel.git',
107 info git   '/Users/MXD/.meteor/packages/meteor-tool/.1.4.2.zi1w5b++os.osx.x86_64+web.browser+web.cordova/mt-os.osx.x86_64/dev_bundle/.npm/_git-remotes/git-github-com-nmccready-google-maps-utility-library-v3-markerwithlabel-git-535ad55b' ]
108 verbose request uri https://registry.npmjs.org/markerclustererplus
109 verbose request no auth needed
110 info attempt registry request try #1 at 3:42:50 PM
111 verbose etag "DBCNME7X11UTJJ8ZOQAC86VWT"
112 http request GET https://registry.npmjs.org/markerclustererplus
113 verbose request uri https://registry.npmjs.org/google-maps-utility-library-v3-infobox
114 verbose request no auth needed
115 info attempt registry request try #1 at 3:42:50 PM
116 verbose etag "65IERZT9AQK854EUBEPBP9OSX"
117 http request GET https://registry.npmjs.org/google-maps-utility-library-v3-infobox
118 verbose request uri https://registry.npmjs.org/lodash
119 verbose request no auth needed
120 info attempt registry request try #1 at 3:42:50 PM
121 verbose etag "E9FIBXK9BFQ65KZTB8PZ9YQ9B"
122 http request GET https://registry.npmjs.org/lodash
123 http 304 https://registry.npmjs.org/google-maps-utility-library-v3-keydragzoom
124 verbose headers { date: 'Wed, 02 Nov 2016 21:42:50 GMT',
124 verbose headers   via: '1.1 varnish',
124 verbose headers   'cache-control': 'max-age=300',
124 verbose headers   etag: '"71E1IW5FJZN0PN10KWII4UW57"',
124 verbose headers   age: '245',
124 verbose headers   connection: 'keep-alive',
124 verbose headers   'x-served-by': 'cache-ord1735-ORD',
124 verbose headers   'x-cache': 'HIT',
124 verbose headers   'x-cache-hits': '1',
124 verbose headers   'x-timer': 'S1478122970.088506,VS0,VE0',
124 verbose headers   vary: 'Accept-Encoding' }
125 silly get cb [ 304,
125 silly get   { date: 'Wed, 02 Nov 2016 21:42:50 GMT',
125 silly get     via: '1.1 varnish',
125 silly get     'cache-control': 'max-age=300',
125 silly get     etag: '"71E1IW5FJZN0PN10KWII4UW57"',
125 silly get     age: '245',
125 silly get     connection: 'keep-alive',
125 silly get     'x-served-by': 'cache-ord1735-ORD',
125 silly get     'x-cache': 'HIT',
125 silly get     'x-cache-hits': '1',
125 silly get     'x-timer': 'S1478122970.088506,VS0,VE0',
125 silly get     vary: 'Accept-Encoding' } ]
126 verbose etag https://registry.npmjs.org/google-maps-utility-library-v3-keydragzoom from cache
127 verbose get saving google-maps-utility-library-v3-keydragzoom to /Users/MXD/.meteor/packages/meteor-tool/.1.4.2.zi1w5b++os.osx.x86_64+web.browser+web.cordova/mt-os.osx.x86_64/dev_bundle/.npm/registry.npmjs.org/google-maps-utility-library-v3-keydragzoom/.cache.json
128 verbose correctMkdir /Users/MXD/.meteor/packages/meteor-tool/.1.4.2.zi1w5b++os.osx.x86_64+web.browser+web.cordova/mt-os.osx.x86_64/dev_bundle/.npm correctMkdir not in flight; initializing
129 silly validateExistingRemote git://github.com/MikaFima/js-rich-marker.git#0383f4bbdad4ddf154772fedbdd27e464600e943 remote.origin.url: git://github.com/MikaFima/js-rich-marker.git
130 verbose validateExistingRemote git://github.com/MikaFima/js-rich-marker.git#0383f4bbdad4ddf154772fedbdd27e464600e943 is updating existing cached remote /Users/MXD/.meteor/packages/meteor-tool/.1.4.2.zi1w5b++os.osx.x86_64+web.browser+web.cordova/mt-os.osx.x86_64/dev_bundle/.npm/_git-remotes/git-github-com-MikaFima-js-rich-marker-git-0383f4bbdad4ddf154772fedbdd27e464600e943-e7abb722
131 info git [ 'fetch', '-a', 'origin' ]
132 silly resolveWithNewModule google-maps-utility-library-v3-keydragzoom@2.0.9 checking installable status
133 silly cache add args [ 'google-maps-utility-library-v3-keydragzoom@2.0.9', null ]
134 verbose cache add spec google-maps-utility-library-v3-keydragzoom@2.0.9
135 silly cache add parsed spec Result {
135 silly cache add   raw: 'google-maps-utility-library-v3-keydragzoom@2.0.9',
135 silly cache add   scope: null,
135 silly cache add   escapedName: 'google-maps-utility-library-v3-keydragzoom',
135 silly cache add   name: 'google-maps-utility-library-v3-keydragzoom',
135 silly cache add   rawSpec: '2.0.9',
135 silly cache add   spec: '2.0.9',
135 silly cache add   type: 'version' }
136 silly addNamed google-maps-utility-library-v3-keydragzoom@2.0.9
137 verbose addNamed "2.0.9" is a plain semver version for google-maps-utility-library-v3-keydragzoom
138 silly mapToRegistry name google-maps-utility-library-v3-keydragzoom
139 silly mapToRegistry using default registry
140 silly mapToRegistry registry https://registry.npmjs.org/
141 silly mapToRegistry data Result {
141 silly mapToRegistry   raw: 'google-maps-utility-library-v3-keydragzoom',
141 silly mapToRegistry   scope: null,
141 silly mapToRegistry   escapedName: 'google-maps-utility-library-v3-keydragzoom',
141 silly mapToRegistry   name: 'google-maps-utility-library-v3-keydragzoom',
141 silly mapToRegistry   rawSpec: '',
141 silly mapToRegistry   spec: 'latest',
141 silly mapToRegistry   type: 'tag' }
142 silly mapToRegistry uri https://registry.npmjs.org/google-maps-utility-library-v3-keydragzoom
143 verbose addNameVersion registry:https://registry.npmjs.org/google-maps-utility-library-v3-keydragzoom not in flight; fetching
144 verbose get https://registry.npmjs.org/google-maps-utility-library-v3-keydragzoom not expired, no request
145 silly cache afterAdd google-maps-utility-library-v3-keydragzoom@2.0.9
146 verbose afterAdd /Users/MXD/.meteor/packages/meteor-tool/.1.4.2.zi1w5b++os.osx.x86_64+web.browser+web.cordova/mt-os.osx.x86_64/dev_bundle/.npm/google-maps-utility-library-v3-keydragzoom/2.0.9/package/package.json not in flight; writing
147 verbose correctMkdir /Users/MXD/.meteor/packages/meteor-tool/.1.4.2.zi1w5b++os.osx.x86_64+web.browser+web.cordova/mt-os.osx.x86_64/dev_bundle/.npm correctMkdir not in flight; initializing
148 verbose afterAdd /Users/MXD/.meteor/packages/meteor-tool/.1.4.2.zi1w5b++os.osx.x86_64+web.browser+web.cordova/mt-os.osx.x86_64/dev_bundle/.npm/google-maps-utility-library-v3-keydragzoom/2.0.9/package/package.json written
149 http 304 https://registry.npmjs.org/google-maps-utility-library-v3-infobox
150 verbose headers { date: 'Wed, 02 Nov 2016 21:42:50 GMT',
150 verbose headers   via: '1.1 varnish',
150 verbose headers   'cache-control': 'max-age=300',
150 verbose headers   etag: '"65IERZT9AQK854EUBEPBP9OSX"',
150 verbose headers   age: '245',
150 verbose headers   connection: 'keep-alive',
150 verbose headers   'x-served-by': 'cache-ord1736-ORD',
150 verbose headers   'x-cache': 'HIT',
150 verbose headers   'x-cache-hits': '5',
150 verbose headers   'x-timer': 'S1478122970.285825,VS0,VE0',
150 verbose headers   vary: 'Accept-Encoding' }
151 silly get cb [ 304,
151 silly get   { date: 'Wed, 02 Nov 2016 21:42:50 GMT',
151 silly get     via: '1.1 varnish',
151 silly get     'cache-control': 'max-age=300',
151 silly get     etag: '"65IERZT9AQK854EUBEPBP9OSX"',
151 silly get     age: '245',
151 silly get     connection: 'keep-alive',
151 silly get     'x-served-by': 'cache-ord1736-ORD',
151 silly get     'x-cache': 'HIT',
151 silly get     'x-cache-hits': '5',
151 silly get     'x-timer': 'S1478122970.285825,VS0,VE0',
151 silly get     vary: 'Accept-Encoding' } ]
152 verbose etag https://registry.npmjs.org/google-maps-utility-library-v3-infobox from cache
153 verbose get saving google-maps-utility-library-v3-infobox to /Users/MXD/.meteor/packages/meteor-tool/.1.4.2.zi1w5b++os.osx.x86_64+web.browser+web.cordova/mt-os.osx.x86_64/dev_bundle/.npm/registry.npmjs.org/google-maps-utility-library-v3-infobox/.cache.json
154 verbose correctMkdir /Users/MXD/.meteor/packages/meteor-tool/.1.4.2.zi1w5b++os.osx.x86_64+web.browser+web.cordova/mt-os.osx.x86_64/dev_bundle/.npm correctMkdir not in flight; initializing
155 http 304 https://registry.npmjs.org/lodash
156 verbose headers { date: 'Wed, 02 Nov 2016 21:42:50 GMT',
156 verbose headers   via: '1.1 varnish',
156 verbose headers   'cache-control': 'max-age=300',
156 verbose headers   etag: '"E9FIBXK9BFQ65KZTB8PZ9YQ9B"',
156 verbose headers   age: '4',
156 verbose headers   connection: 'keep-alive',
156 verbose headers   'x-served-by': 'cache-ord1746-ORD',
156 verbose headers   'x-cache': 'HIT',
156 verbose headers   'x-cache-hits': '2',
156 verbose headers   'x-timer': 'S1478122970.286188,VS0,VE0',
156 verbose headers   vary: 'Accept-Encoding' }
157 silly get cb [ 304,
157 silly get   { date: 'Wed, 02 Nov 2016 21:42:50 GMT',
157 silly get     via: '1.1 varnish',
157 silly get     'cache-control': 'max-age=300',
157 silly get     etag: '"E9FIBXK9BFQ65KZTB8PZ9YQ9B"',
157 silly get     age: '4',
157 silly get     connection: 'keep-alive',
157 silly get     'x-served-by': 'cache-ord1746-ORD',
157 silly get     'x-cache': 'HIT',
157 silly get     'x-cache-hits': '2',
157 silly get     'x-timer': 'S1478122970.286188,VS0,VE0',
157 silly get     vary: 'Accept-Encoding' } ]
158 verbose etag https://registry.npmjs.org/lodash from cache
159 verbose get saving lodash to /Users/MXD/.meteor/packages/meteor-tool/.1.4.2.zi1w5b++os.osx.x86_64+web.browser+web.cordova/mt-os.osx.x86_64/dev_bundle/.npm/registry.npmjs.org/lodash/.cache.json
160 verbose correctMkdir /Users/MXD/.meteor/packages/meteor-tool/.1.4.2.zi1w5b++os.osx.x86_64+web.browser+web.cordova/mt-os.osx.x86_64/dev_bundle/.npm correctMkdir not in flight; initializing
161 http 304 https://registry.npmjs.org/markerclustererplus
162 verbose headers { date: 'Wed, 02 Nov 2016 21:42:50 GMT',
162 verbose headers   via: '1.1 varnish',
162 verbose headers   'cache-control': 'max-age=300',
162 verbose headers   etag: '"DBCNME7X11UTJJ8ZOQAC86VWT"',
162 verbose headers   age: '245',
162 verbose headers   connection: 'keep-alive',
162 verbose headers   'x-served-by': 'cache-ord1745-ORD',
162 verbose headers   'x-cache': 'HIT',
162 verbose headers   'x-cache-hits': '1',
162 verbose headers   'x-timer': 'S1478122970.285406,VS0,VE0',
162 verbose headers   vary: 'Accept-Encoding' }
163 silly get cb [ 304,
163 silly get   { date: 'Wed, 02 Nov 2016 21:42:50 GMT',
163 silly get     via: '1.1 varnish',
163 silly get     'cache-control': 'max-age=300',
163 silly get     etag: '"DBCNME7X11UTJJ8ZOQAC86VWT"',
163 silly get     age: '245',
163 silly get     connection: 'keep-alive',
163 silly get     'x-served-by': 'cache-ord1745-ORD',
163 silly get     'x-cache': 'HIT',
163 silly get     'x-cache-hits': '1',
163 silly get     'x-timer': 'S1478122970.285406,VS0,VE0',
163 silly get     vary: 'Accept-Encoding' } ]
164 verbose etag https://registry.npmjs.org/markerclustererplus from cache
165 verbose get saving markerclustererplus to /Users/MXD/.meteor/packages/meteor-tool/.1.4.2.zi1w5b++os.osx.x86_64+web.browser+web.cordova/mt-os.osx.x86_64/dev_bundle/.npm/registry.npmjs.org/markerclustererplus/.cache.json
166 verbose correctMkdir /Users/MXD/.meteor/packages/meteor-tool/.1.4.2.zi1w5b++os.osx.x86_64+web.browser+web.cordova/mt-os.osx.x86_64/dev_bundle/.npm correctMkdir not in flight; initializing
167 error git clone --template=/Users/MXD/.meteor/packages/meteor-tool/.1.4.2.zi1w5b++os.osx.x86_64+web.browser+web.cordova/mt-os.osx.x86_64/dev_bundle/.npm/_git-remotes/_templates --mirror git://github.com/nmccready/google-maps-utility-library-v3-markerwithlabel.git /Users/MXD/.meteor/packages/meteor-tool/.1.4.2.zi1w5b++os.osx.x86_64+web.browser+web.cordova/mt-os.osx.x86_64/dev_bundle/.npm/_git-remotes/git-github-com-nmccready-google-maps-utility-library-v3-markerwithlabel-git-535ad55b: Cloning into bare repository '/Users/MXD/.meteor/packages/meteor-tool/.1.4.2.zi1w5b++os.osx.x86_64+web.browser+web.cordova/mt-os.osx.x86_64/dev_bundle/.npm/_git-remotes/git-github-com-nmccready-google-maps-utility-library-v3-markerwithlabel-git-535ad55b'...
167 error git clone --template=/Users/MXD/.meteor/packages/meteor-tool/.1.4.2.zi1w5b++os.osx.x86_64+web.browser+web.cordova/mt-os.osx.x86_64/dev_bundle/.npm/_git-remotes/_templates --mirror git://github.com/nmccready/google-maps-utility-library-v3-markerwithlabel.git /Users/MXD/.meteor/packages/meteor-tool/.1.4.2.zi1w5b++os.osx.x86_64+web.browser+web.cordova/mt-os.osx.x86_64/dev_bundle/.npm/_git-remotes/git-github-com-nmccready-google-maps-utility-library-v3-markerwithlabel-git-535ad55b: fatal: read error: Connection reset by peer
168 silly fetchPackageMetaData Error: Command failed: git clone --template=/Users/MXD/.meteor/packages/meteor-tool/.1.4.2.zi1w5b++os.osx.x86_64+web.browser+web.cordova/mt-os.osx.x86_64/dev_bundle/.npm/_git-remotes/_templates --mirror git://github.com/nmccready/google-maps-utility-library-v3-markerwithlabel.git /Users/MXD/.meteor/packages/meteor-tool/.1.4.2.zi1w5b++os.osx.x86_64+web.browser+web.cordova/mt-os.osx.x86_64/dev_bundle/.npm/_git-remotes/git-github-com-nmccready-google-maps-utility-library-v3-markerwithlabel-git-535ad55b
168 silly fetchPackageMetaData Cloning into bare repository '/Users/MXD/.meteor/packages/meteor-tool/.1.4.2.zi1w5b++os.osx.x86_64+web.browser+web.cordova/mt-os.osx.x86_64/dev_bundle/.npm/_git-remotes/git-github-com-nmccready-google-maps-utility-library-v3-markerwithlabel-git-535ad55b'...
168 silly fetchPackageMetaData fatal: read error: Connection reset by peer
168 silly fetchPackageMetaData
168 silly fetchPackageMetaData     at ChildProcess.exithandler (child_process.js:213:12)
168 silly fetchPackageMetaData     at emitTwo (events.js:87:13)
168 silly fetchPackageMetaData     at ChildProcess.emit (events.js:172:7)
168 silly fetchPackageMetaData     at maybeClose (internal/child_process.js:829:16)
168 silly fetchPackageMetaData     at Socket.<anonymous> (internal/child_process.js:319:11)
168 silly fetchPackageMetaData     at emitOne (events.js:77:13)
168 silly fetchPackageMetaData     at Socket.emit (events.js:169:7)
168 silly fetchPackageMetaData     at Pipe._onclose (net.js:486:12)
168 silly fetchPackageMetaData  error for google-maps-utility-library-v3-markerwithlabel@git://github.com/nmccready/google-maps-utility-library-v3-markerwithlabel.git { [Error: Command failed: git clone --template=/Users/MXD/.meteor/packages/meteor-tool/.1.4.2.zi1w5b++os.osx.x86_64+web.browser+web.cordova/mt-os.osx.x86_64/dev_bundle/.npm/_git-remotes/_templates --mirror git://github.com/nmccready/google-maps-utility-library-v3-markerwithlabel.git /Users/MXD/.meteor/packages/meteor-tool/.1.4.2.zi1w5b++os.osx.x86_64+web.browser+web.cordova/mt-os.osx.x86_64/dev_bundle/.npm/_git-remotes/git-github-com-nmccready-google-maps-utility-library-v3-markerwithlabel-git-535ad55b
168 silly fetchPackageMetaData Cloning into bare repository '/Users/MXD/.meteor/packages/meteor-tool/.1.4.2.zi1w5b++os.osx.x86_64+web.browser+web.cordova/mt-os.osx.x86_64/dev_bundle/.npm/_git-remotes/git-github-com-nmccready-google-maps-utility-library-v3-markerwithlabel-git-535ad55b'...
168 silly fetchPackageMetaData fatal: read error: Connection reset by peer
168 silly fetchPackageMetaData ]
168 silly fetchPackageMetaData   killed: false,
168 silly fetchPackageMetaData   code: 128,
168 silly fetchPackageMetaData   signal: null,
168 silly fetchPackageMetaData   cmd: 'git clone --template=/Users/MXD/.meteor/packages/meteor-tool/.1.4.2.zi1w5b++os.osx.x86_64+web.browser+web.cordova/mt-os.osx.x86_64/dev_bundle/.npm/_git-remotes/_templates --mirror git://github.com/nmccready/google-maps-utility-library-v3-markerwithlabel.git /Users/MXD/.meteor/packages/meteor-tool/.1.4.2.zi1w5b++os.osx.x86_64+web.browser+web.cordova/mt-os.osx.x86_64/dev_bundle/.npm/_git-remotes/git-github-com-nmccready-google-maps-utility-library-v3-markerwithlabel-git-535ad55b' }
169 silly resolveWithNewModule lodash@4.16.6 checking installable status
170 silly cache add args [ 'lodash@3.X - 4.X', null ]
171 verbose cache add spec lodash@3.X - 4.X
172 silly cache add parsed spec Result {
172 silly cache add   raw: 'lodash@3.X - 4.X',
172 silly cache add   scope: null,
172 silly cache add   escapedName: 'lodash',
172 silly cache add   name: 'lodash',
172 silly cache add   rawSpec: '3.X - 4.X',
172 silly cache add   spec: '>=3.0.0 <5.0.0',
172 silly cache add   type: 'range' }
173 silly addNamed lodash@>=3.0.0 <5.0.0
174 verbose addNamed ">=3.0.0 <5.0.0" is a valid semver range for lodash
175 silly addNameRange { name: 'lodash', range: '>=3.0.0 <5.0.0', hasData: false }
176 silly mapToRegistry name lodash
177 silly mapToRegistry using default registry
178 silly mapToRegistry registry https://registry.npmjs.org/
179 silly mapToRegistry data Result {
179 silly mapToRegistry   raw: 'lodash',
179 silly mapToRegistry   scope: null,
179 silly mapToRegistry   escapedName: 'lodash',
179 silly mapToRegistry   name: 'lodash',
179 silly mapToRegistry   rawSpec: '',
179 silly mapToRegistry   spec: 'latest',
179 silly mapToRegistry   type: 'tag' }
180 silly mapToRegistry uri https://registry.npmjs.org/lodash
181 verbose addNameRange registry:https://registry.npmjs.org/lodash not in flight; fetching
182 silly resolveWithNewModule google-maps-utility-library-v3-infobox@1.1.14 checking installable status
183 silly cache add args [ 'google-maps-utility-library-v3-infobox@1.1.14', null ]
184 verbose cache add spec google-maps-utility-library-v3-infobox@1.1.14
185 silly cache add parsed spec Result {
185 silly cache add   raw: 'google-maps-utility-library-v3-infobox@1.1.14',
185 silly cache add   scope: null,
185 silly cache add   escapedName: 'google-maps-utility-library-v3-infobox',
185 silly cache add   name: 'google-maps-utility-library-v3-infobox',
185 silly cache add   rawSpec: '1.1.14',
185 silly cache add   spec: '1.1.14',
185 silly cache add   type: 'version' }
186 silly addNamed google-maps-utility-library-v3-infobox@1.1.14
187 verbose addNamed "1.1.14" is a plain semver version for google-maps-utility-library-v3-infobox
188 silly mapToRegistry name google-maps-utility-library-v3-infobox
189 silly mapToRegistry using default registry
190 silly mapToRegistry registry https://registry.npmjs.org/
191 silly mapToRegistry data Result {
191 silly mapToRegistry   raw: 'google-maps-utility-library-v3-infobox',
191 silly mapToRegistry   scope: null,
191 silly mapToRegistry   escapedName: 'google-maps-utility-library-v3-infobox',
191 silly mapToRegistry   name: 'google-maps-utility-library-v3-infobox',
191 silly mapToRegistry   rawSpec: '',
191 silly mapToRegistry   spec: 'latest',
191 silly mapToRegistry   type: 'tag' }
192 silly mapToRegistry uri https://registry.npmjs.org/google-maps-utility-library-v3-infobox
193 verbose addNameVersion registry:https://registry.npmjs.org/google-maps-utility-library-v3-infobox not in flight; fetching
194 silly resolveWithNewModule markerclustererplus@2.1.4 checking installable status
195 silly cache add args [ 'markerclustererplus@2.1.4', null ]
196 verbose cache add spec markerclustererplus@2.1.4
197 silly cache add parsed spec Result {
197 silly cache add   raw: 'markerclustererplus@2.1.4',
197 silly cache add   scope: null,
197 silly cache add   escapedName: 'markerclustererplus',
197 silly cache add   name: 'markerclustererplus',
197 silly cache add   rawSpec: '2.1.4',
197 silly cache add   spec: '2.1.4',
197 silly cache add   type: 'version' }
198 silly addNamed markerclustererplus@2.1.4
199 verbose addNamed "2.1.4" is a plain semver version for markerclustererplus
200 silly mapToRegistry name markerclustererplus
201 silly mapToRegistry using default registry
202 silly mapToRegistry registry https://registry.npmjs.org/
203 silly mapToRegistry data Result {
203 silly mapToRegistry   raw: 'markerclustererplus',
203 silly mapToRegistry   scope: null,
203 silly mapToRegistry   escapedName: 'markerclustererplus',
203 silly mapToRegistry   name: 'markerclustererplus',
203 silly mapToRegistry   rawSpec: '',
203 silly mapToRegistry   spec: 'latest',
203 silly mapToRegistry   type: 'tag' }
204 silly mapToRegistry uri https://registry.npmjs.org/markerclustererplus
205 verbose addNameVersion registry:https://registry.npmjs.org/markerclustererplus not in flight; fetching
206 verbose get https://registry.npmjs.org/lodash not expired, no request
207 silly addNameRange number 2 { name: 'lodash', range: '>=3.0.0 <5.0.0', hasData: true }
208 silly addNameRange versions [ 'lodash',
208 silly addNameRange   [ '0.1.0',
208 silly addNameRange     '0.2.0',
208 silly addNameRange     '0.2.1',
208 silly addNameRange     '0.2.2',
208 silly addNameRange     '0.3.0',
208 silly addNameRange     '0.3.1',
208 silly addNameRange     '0.3.2',
208 silly addNameRange     '0.4.0',
208 silly addNameRange     '0.4.1',
208 silly addNameRange     '0.4.2',
208 silly addNameRange     '0.5.0-rc.1',
208 silly addNameRange     '0.5.0',
208 silly addNameRange     '0.5.1',
208 silly addNameRange     '0.5.2',
208 silly addNameRange     '0.6.0',
208 silly addNameRange     '0.6.1',
208 silly addNameRange     '0.7.0',
208 silly addNameRange     '0.8.0',
208 silly addNameRange     '0.8.1',
208 silly addNameRange     '0.8.2',
208 silly addNameRange     '0.9.0',
208 silly addNameRange     '0.9.1',
208 silly addNameRange     '0.9.2',
208 silly addNameRange     '0.10.0',
208 silly addNameRange     '1.0.0-rc.1',
208 silly addNameRange     '1.0.0-rc.2',
208 silly addNameRange     '1.0.0-rc.3',
208 silly addNameRange     '1.0.0',
208 silly addNameRange     '1.0.1',
208 silly addNameRange     '1.1.0',
208 silly addNameRange     '1.1.1',
208 silly addNameRange     '1.2.0',
208 silly addNameRange     '1.2.1',
208 silly addNameRange     '1.3.0',
208 silly addNameRange     '1.3.1',
208 silly addNameRange     '2.0.0',
208 silly addNameRange     '2.1.0',
208 silly addNameRange     '2.2.0',
208 silly addNameRange     '2.2.1',
208 silly addNameRange     '2.3.0',
208 silly addNameRange     '2.4.0',
208 silly addNameRange     '2.4.1',
208 silly addNameRange     '3.0.0',
208 silly addNameRange     '3.0.1',
208 silly addNameRange     '3.1.0',
208 silly addNameRange     '3.2.0',
208 silly addNameRange     '3.3.0',
208 silly addNameRange     '3.3.1',
208 silly addNameRange     '3.4.0',
208 silly addNameRange     '3.5.0',
208 silly addNameRange     '3.6.0',
208 silly addNameRange     '1.0.2',
208 silly addNameRange     '3.7.0',
208 silly addNameRange     '2.4.2',
208 silly addNameRange     '3.8.0',
208 silly addNameRange     '3.9.0',
208 silly addNameRange     '3.9.1',
208 silly addNameRange     '3.9.2',
208 silly addNameRange     '3.9.3',
208 silly addNameRange     '3.10.0',
208 silly addNameRange     '3.10.1',
208 silly addNameRange     '4.0.0',
208 silly addNameRange     '4.0.1',
208 silly addNameRange     '4.1.0',
208 silly addNameRange     '4.2.0',
208 silly addNameRange     '4.2.1',
208 silly addNameRange     '4.3.0',
208 silly addNameRange     '4.4.0',
208 silly addNameRange     '4.5.0',
208 silly addNameRange     '4.5.1',
208 silly addNameRange     '4.6.0',
208 silly addNameRange     '4.6.1',
208 silly addNameRange     '4.7.0',
208 silly addNameRange     '4.8.0',
208 silly addNameRange     '4.8.1',
208 silly addNameRange     '4.8.2',
208 silly addNameRange     '4.9.0',
208 silly addNameRange     '4.10.0',
208 silly addNameRange     '4.11.0',
208 silly addNameRange     '4.11.1',
208 silly addNameRange     '4.11.2',
208 silly addNameRange     '4.12.0',
208 silly addNameRange     '4.13.0',
208 silly addNameRange     '4.13.1',
208 silly addNameRange     '4.14.0',
208 silly addNameRange     '4.14.1',
208 silly addNameRange     '4.14.2',
208 silly addNameRange     '4.15.0',
208 silly addNameRange     '4.16.0',
208 silly addNameRange     '4.16.1',
208 silly addNameRange     '4.16.2',
208 silly addNameRange     '4.16.3',
208 silly addNameRange     '4.16.4',
208 silly addNameRange     '4.16.5',
208 silly addNameRange     '4.16.6' ] ]
209 silly addNamed lodash@4.16.6
210 verbose addNamed "4.16.6" is a plain semver version for lodash
211 verbose get https://registry.npmjs.org/google-maps-utility-library-v3-infobox not expired, no request
212 verbose get https://registry.npmjs.org/markerclustererplus not expired, no request
213 silly cache afterAdd lodash@4.16.6
214 verbose afterAdd /Users/MXD/.meteor/packages/meteor-tool/.1.4.2.zi1w5b++os.osx.x86_64+web.browser+web.cordova/mt-os.osx.x86_64/dev_bundle/.npm/lodash/4.16.6/package/package.json not in flight; writing
215 verbose correctMkdir /Users/MXD/.meteor/packages/meteor-tool/.1.4.2.zi1w5b++os.osx.x86_64+web.browser+web.cordova/mt-os.osx.x86_64/dev_bundle/.npm correctMkdir not in flight; initializing
216 verbose afterAdd /Users/MXD/.meteor/packages/meteor-tool/.1.4.2.zi1w5b++os.osx.x86_64+web.browser+web.cordova/mt-os.osx.x86_64/dev_bundle/.npm/lodash/4.16.6/package/package.json written
217 silly cache afterAdd markerclustererplus@2.1.4
218 verbose afterAdd /Users/MXD/.meteor/packages/meteor-tool/.1.4.2.zi1w5b++os.osx.x86_64+web.browser+web.cordova/mt-os.osx.x86_64/dev_bundle/.npm/markerclustererplus/2.1.4/package/package.json not in flight; writing
219 verbose correctMkdir /Users/MXD/.meteor/packages/meteor-tool/.1.4.2.zi1w5b++os.osx.x86_64+web.browser+web.cordova/mt-os.osx.x86_64/dev_bundle/.npm correctMkdir not in flight; initializing
220 verbose afterAdd /Users/MXD/.meteor/packages/meteor-tool/.1.4.2.zi1w5b++os.osx.x86_64+web.browser+web.cordova/mt-os.osx.x86_64/dev_bundle/.npm/markerclustererplus/2.1.4/package/package.json written
221 silly cache afterAdd google-maps-utility-library-v3-infobox@1.1.14
222 verbose afterAdd /Users/MXD/.meteor/packages/meteor-tool/.1.4.2.zi1w5b++os.osx.x86_64+web.browser+web.cordova/mt-os.osx.x86_64/dev_bundle/.npm/google-maps-utility-library-v3-infobox/1.1.14/package/package.json not in flight; writing
223 verbose correctMkdir /Users/MXD/.meteor/packages/meteor-tool/.1.4.2.zi1w5b++os.osx.x86_64+web.browser+web.cordova/mt-os.osx.x86_64/dev_bundle/.npm correctMkdir not in flight; initializing
224 verbose afterAdd /Users/MXD/.meteor/packages/meteor-tool/.1.4.2.zi1w5b++os.osx.x86_64+web.browser+web.cordova/mt-os.osx.x86_64/dev_bundle/.npm/google-maps-utility-library-v3-infobox/1.1.14/package/package.json written
225 verbose updateRemote git fetch -a origin (git://github.com/MikaFima/js-rich-marker.git)
226 verbose correctMkdir /Users/MXD/.meteor/packages/meteor-tool/.1.4.2.zi1w5b++os.osx.x86_64+web.browser+web.cordova/mt-os.osx.x86_64/dev_bundle/.npm/_git-remotes correctMkdir not in flight; initializing
227 verbose setPermissions git://github.com/MikaFima/js-rich-marker.git#0383f4bbdad4ddf154772fedbdd27e464600e943 set permissions on /Users/MXD/.meteor/packages/meteor-tool/.1.4.2.zi1w5b++os.osx.x86_64+web.browser+web.cordova/mt-os.osx.x86_64/dev_bundle/.npm/_git-remotes/git-github-com-MikaFima-js-rich-marker-git-0383f4bbdad4ddf154772fedbdd27e464600e943-e7abb722
228 verbose resolveHead git://github.com/MikaFima/js-rich-marker.git#0383f4bbdad4ddf154772fedbdd27e464600e943 original treeish: 0383f4bbdad4ddf154772fedbdd27e464600e943
229 info git [ 'rev-list', '-n1', '0383f4bbdad4ddf154772fedbdd27e464600e943' ]
230 silly resolveHead git://github.com/MikaFima/js-rich-marker.git#0383f4bbdad4ddf154772fedbdd27e464600e943 resolved treeish: 0383f4bbdad4ddf154772fedbdd27e464600e943
231 verbose resolveHead git://github.com/MikaFima/js-rich-marker.git#0383f4bbdad4ddf154772fedbdd27e464600e943 resolved Git URL: git://github.com/MikaFima/js-rich-marker.git#0383f4bbdad4ddf154772fedbdd27e464600e943
232 silly resolveHead Git working directory: /var/folders/2l/0xpfnr6x3pz8zwh250w1qm7m0000gn/T/npm-50788-127d4547/git-cache-746273d2/0383f4bbdad4ddf154772fedbdd27e464600e943
233 info git [ 'clone',
233 info git   '/Users/MXD/.meteor/packages/meteor-tool/.1.4.2.zi1w5b++os.osx.x86_64+web.browser+web.cordova/mt-os.osx.x86_64/dev_bundle/.npm/_git-remotes/git-github-com-MikaFima-js-rich-marker-git-0383f4bbdad4ddf154772fedbdd27e464600e943-e7abb722',
233 info git   '/var/folders/2l/0xpfnr6x3pz8zwh250w1qm7m0000gn/T/npm-50788-127d4547/git-cache-746273d2/0383f4bbdad4ddf154772fedbdd27e464600e943' ]
234 verbose cloneResolved git://github.com/MikaFima/js-rich-marker.git#0383f4bbdad4ddf154772fedbdd27e464600e943 clone Cloning into '/var/folders/2l/0xpfnr6x3pz8zwh250w1qm7m0000gn/T/npm-50788-127d4547/git-cache-746273d2/0383f4bbdad4ddf154772fedbdd27e464600e943'...
234 verbose cloneResolved done.
235 info git [ 'checkout', '0383f4bbdad4ddf154772fedbdd27e464600e943' ]
236 verbose checkoutTreeish git://github.com/MikaFima/js-rich-marker.git#0383f4bbdad4ddf154772fedbdd27e464600e943 checkout Note: checking out '0383f4bbdad4ddf154772fedbdd27e464600e943'.
236 verbose checkoutTreeish
236 verbose checkoutTreeish You are in 'detached HEAD' state. You can look around, make experimental
236 verbose checkoutTreeish changes and commit them, and you can discard any commits you make in this
236 verbose checkoutTreeish state without impacting any branches by performing another checkout.
236 verbose checkoutTreeish
236 verbose checkoutTreeish If you want to create a new branch to retain commits you create, you may
236 verbose checkoutTreeish do so (now or later) by using -b with the checkout command again. Example:
236 verbose checkoutTreeish
236 verbose checkoutTreeish   git checkout -b <new-branch-name>
236 verbose checkoutTreeish
236 verbose checkoutTreeish HEAD is now at 0383f4b... Add package.json
237 info git [ 'submodule', '-q', 'update', '--init', '--recursive' ]
238 verbose updateSubmodules git://github.com/MikaFima/js-rich-marker.git#0383f4bbdad4ddf154772fedbdd27e464600e943 submodule update
239 verbose addLocalDirectory /Users/MXD/.meteor/packages/meteor-tool/.1.4.2.zi1w5b++os.osx.x86_64+web.browser+web.cordova/mt-os.osx.x86_64/dev_bundle/.npm/js-rich-marker/1.0.0/package.tgz not in flight; packing
240 verbose correctMkdir /Users/MXD/.meteor/packages/meteor-tool/.1.4.2.zi1w5b++os.osx.x86_64+web.browser+web.cordova/mt-os.osx.x86_64/dev_bundle/.npm correctMkdir not in flight; initializing
241 verbose tar pack [ '/Users/MXD/.meteor/packages/meteor-tool/.1.4.2.zi1w5b++os.osx.x86_64+web.browser+web.cordova/mt-os.osx.x86_64/dev_bundle/.npm/js-rich-marker/1.0.0/package.tgz',
241 verbose tar pack   '/var/folders/2l/0xpfnr6x3pz8zwh250w1qm7m0000gn/T/npm-50788-127d4547/git-cache-746273d2/0383f4bbdad4ddf154772fedbdd27e464600e943' ]
242 verbose tarball /Users/MXD/.meteor/packages/meteor-tool/.1.4.2.zi1w5b++os.osx.x86_64+web.browser+web.cordova/mt-os.osx.x86_64/dev_bundle/.npm/js-rich-marker/1.0.0/package.tgz
243 verbose folder /var/folders/2l/0xpfnr6x3pz8zwh250w1qm7m0000gn/T/npm-50788-127d4547/git-cache-746273d2/0383f4bbdad4ddf154772fedbdd27e464600e943
244 verbose addLocalTarball adding from inside cache /Users/MXD/.meteor/packages/meteor-tool/.1.4.2.zi1w5b++os.osx.x86_64+web.browser+web.cordova/mt-os.osx.x86_64/dev_bundle/.npm/js-rich-marker/1.0.0/package.tgz
245 verbose correctMkdir /Users/MXD/.meteor/packages/meteor-tool/.1.4.2.zi1w5b++os.osx.x86_64+web.browser+web.cordova/mt-os.osx.x86_64/dev_bundle/.npm correctMkdir not in flight; initializing
246 verbose addRemoteGit data._from: git://github.com/MikaFima/js-rich-marker.git#0383f4bbdad4ddf154772fedbdd27e464600e943
247 verbose addRemoteGit data._resolved: git://github.com/MikaFima/js-rich-marker.git#0383f4bbdad4ddf154772fedbdd27e464600e943
248 silly cache afterAdd js-rich-marker@1.0.0
249 verbose afterAdd /Users/MXD/.meteor/packages/meteor-tool/.1.4.2.zi1w5b++os.osx.x86_64+web.browser+web.cordova/mt-os.osx.x86_64/dev_bundle/.npm/js-rich-marker/1.0.0/package/package.json not in flight; writing
250 verbose correctMkdir /Users/MXD/.meteor/packages/meteor-tool/.1.4.2.zi1w5b++os.osx.x86_64+web.browser+web.cordova/mt-os.osx.x86_64/dev_bundle/.npm correctMkdir not in flight; initializing
251 verbose afterAdd /Users/MXD/.meteor/packages/meteor-tool/.1.4.2.zi1w5b++os.osx.x86_64+web.browser+web.cordova/mt-os.osx.x86_64/dev_bundle/.npm/js-rich-marker/1.0.0/package/package.json written
252 silly resolveWithNewModule js-rich-marker@1.0.0 checking installable status
253 silly rollbackFailedOptional Starting
254 silly rollbackFailedOptional Finishing
255 silly runTopLevelLifecycles Finishing
256 silly install printInstalled
257 verbose stack Error: Command failed: git clone --template=/Users/MXD/.meteor/packages/meteor-tool/.1.4.2.zi1w5b++os.osx.x86_64+web.browser+web.cordova/mt-os.osx.x86_64/dev_bundle/.npm/_git-remotes/_templates --mirror git://github.com/nmccready/google-maps-utility-library-v3-markerwithlabel.git /Users/MXD/.meteor/packages/meteor-tool/.1.4.2.zi1w5b++os.osx.x86_64+web.browser+web.cordova/mt-os.osx.x86_64/dev_bundle/.npm/_git-remotes/git-github-com-nmccready-google-maps-utility-library-v3-markerwithlabel-git-535ad55b
257 verbose stack Cloning into bare repository '/Users/MXD/.meteor/packages/meteor-tool/.1.4.2.zi1w5b++os.osx.x86_64+web.browser+web.cordova/mt-os.osx.x86_64/dev_bundle/.npm/_git-remotes/git-github-com-nmccready-google-maps-utility-library-v3-markerwithlabel-git-535ad55b'...
257 verbose stack fatal: read error: Connection reset by peer
257 verbose stack
257 verbose stack     at ChildProcess.exithandler (child_process.js:213:12)
257 verbose stack     at emitTwo (events.js:87:13)
257 verbose stack     at ChildProcess.emit (events.js:172:7)
257 verbose stack     at maybeClose (internal/child_process.js:829:16)
257 verbose stack     at Socket.<anonymous> (internal/child_process.js:319:11)
257 verbose stack     at emitOne (events.js:77:13)
257 verbose stack     at Socket.emit (events.js:169:7)
257 verbose stack     at Pipe._onclose (net.js:486:12)
258 verbose cwd /Users/MXD/Desktop/Q3_Project/FarmShare
259 error Darwin 16.0.0
260 error argv "/Users/MXD/.meteor/packages/meteor-tool/.1.4.2.zi1w5b++os.osx.x86_64+web.browser+web.cordova/mt-os.osx.x86_64/dev_bundle/bin/node" "/Users/MXD/.meteor/packages/meteor-tool/.1.4.2.zi1w5b++os.osx.x86_64+web.browser+web.cordova/mt-os.osx.x86_64/dev_bundle/bin/npm" "install" "--save" "angular-google-maps"
261 error node v4.6.1
262 error npm  v3.10.9
263 error code 128
264 error Command failed: git clone --template=/Users/MXD/.meteor/packages/meteor-tool/.1.4.2.zi1w5b++os.osx.x86_64+web.browser+web.cordova/mt-os.osx.x86_64/dev_bundle/.npm/_git-remotes/_templates --mirror git://github.com/nmccready/google-maps-utility-library-v3-markerwithlabel.git /Users/MXD/.meteor/packages/meteor-tool/.1.4.2.zi1w5b++os.osx.x86_64+web.browser+web.cordova/mt-os.osx.x86_64/dev_bundle/.npm/_git-remotes/git-github-com-nmccready-google-maps-utility-library-v3-markerwithlabel-git-535ad55b
264 error Cloning into bare repository '/Users/MXD/.meteor/packages/meteor-tool/.1.4.2.zi1w5b++os.osx.x86_64+web.browser+web.cordova/mt-os.osx.x86_64/dev_bundle/.npm/_git-remotes/git-github-com-nmccready-google-maps-utility-library-v3-markerwithlabel-git-535ad55b'...
264 error fatal: read error: Connection reset by peer
265 error If you need help, you may report this error at:
265 error     <https://github.com/npm/npm/issues>
266 verbose exit [ 1, true ]
